Using pre-set license
Built from '2020.3/release' branch; Version is '2020.3.2f1 (8fd9074bf66c) revision 9427207'; Using compiler version '192528614'; Build Type 'Release'
OS: 'Windows 10 Pro; OS build 19042.867; Version 2009; 64bit' Language: 'en' Physical Memory: 16320 MB
BatchMode: 1, IsHumanControllingUs: 0, StartBugReporterOnCrash: 0, Is64bit: 1, IsPro: 0

 COMMAND LINE ARGUMENTS:
C:\Program Files\Unity\Hub\Editor\2020.3.2f1\Editor\Unity.exe
-adb2
-batchMode
-noUpm
-name
AssetImportWorker0
-projectPath
C:/Users/vanyo/Documents/GitHub/NumGen
-logFile
Logs/AssetImportWorker0.log
-srvPort
65314
Successfully changed project path to: C:/Users/vanyo/Documents/GitHub/NumGen
C:/Users/vanyo/Documents/GitHub/NumGen
Using Asset Import Pipeline V2.
Refreshing native plugins compatible for Editor in 44.17 ms, found 0 plugins.
Preloading 0 native plugins for Editor in 0.00 ms.
Initialize engine version: 2020.3.2f1 (8fd9074bf66c)
[Subsystems] Discovering subsystems at path C:/Program Files/Unity/Hub/Editor/2020.3.2f1/Editor/Data/Resources/UnitySubsystems
[Subsystems] Discovering subsystems at path C:/Users/vanyo/Documents/GitHub/NumGen/Assets
GfxDevice: creating device client; threaded=0
Direct3D:
    Version:  Direct3D 11.0 [level 11.1]
    Renderer: NVIDIA GeForce GTX 1070 Ti (ID=0x1b82)
    Vendor:   
    VRAM:     8079 MB
    Driver:   27.21.14.6259
Initialize mono
Mono path[0] = 'C:/Program Files/Unity/Hub/Editor/2020.3.2f1/Editor/Data/Managed'
Mono path[1] = 'C:/Program Files/Unity/Hub/Editor/2020.3.2f1/Editor/Data/MonoBleedingEdge/lib/mono/unityjit'
Mono config path = 'C:/Program Files/Unity/Hub/Editor/2020.3.2f1/Editor/Data/MonoBleedingEdge/etc'
Using monoOptions --debugger-agent=transport=dt_socket,embedding=1,server=y,suspend=n,address=127.0.0.1:56916
Begin MonoManager ReloadAssembly
Registering precompiled unity dll's ...
Register platform support module: C:/Program Files/Unity/Hub/Editor/2020.3.2f1/Editor/Data/PlaybackEngines/WindowsStandaloneSupport/UnityEditor.WindowsStandalone.Extensions.dll
Registered in 0.001913 seconds.
Native extension for WindowsStandalone target not found
Refreshing native plugins compatible for Editor in 29.61 ms, found 0 plugins.
Preloading 0 native plugins for Editor in 0.00 ms.
Invoked RoslynAnalysisRunner static constructor.
RoslynAnalysisRunner will not be running.
RoslynAnalysisRunner has terminated.
Mono: successfully reloaded assembly
- Completed reload, in  1.647 seconds
Platform modules already initialized, skipping
Registering precompiled user dll's ...
Registered in 0.002842 seconds.
Begin MonoManager ReloadAssembly
Native extension for WindowsStandalone target not found
Refreshing native plugins compatible for Editor in 0.62 ms, found 0 plugins.
Preloading 0 native plugins for Editor in 0.00 ms.
GPGSUpgrader start
UnityEngine.StackTraceUtility:ExtractStackTrace ()
UnityEngine.DebugLogHandler:LogFormat (UnityEngine.LogType,UnityEngine.Object,string,object[])
UnityEngine.Logger:Log (UnityEngine.LogType,object)
UnityEngine.Debug:Log (object)
GooglePlayGames.Editor.GPGSUpgrader:.cctor () (at Assets/GooglePlayGames/Editor/GPGSUpgrader.cs:38)
System.Runtime.CompilerServices.RuntimeHelpers:RunClassConstructor (System.RuntimeTypeHandle)
UnityEditor.EditorAssemblies:ProcessInitializeOnLoadAttributes (System.Type[])

(Filename: Assets/GooglePlayGames/Editor/GPGSUpgrader.cs Line: 38)

GPGSUpgrader done
UnityEngine.StackTraceUtility:ExtractStackTrace ()
UnityEngine.DebugLogHandler:LogFormat (UnityEngine.LogType,UnityEngine.Object,string,object[])
UnityEngine.Logger:Log (UnityEngine.LogType,object)
UnityEngine.Debug:Log (object)
GooglePlayGames.Editor.GPGSUpgrader:.cctor () (at Assets/GooglePlayGames/Editor/GPGSUpgrader.cs:105)
System.Runtime.CompilerServices.RuntimeHelpers:RunClassConstructor (System.RuntimeTypeHandle)
UnityEditor.EditorAssemblies:ProcessInitializeOnLoadAttributes (System.Type[])

(Filename: Assets/GooglePlayGames/Editor/GPGSUpgrader.cs Line: 105)

Invoked RoslynAnalysisRunner static constructor.
RoslynAnalysisRunner will not be running.
RoslynAnalysisRunner has terminated.
Mono: successfully reloaded assembly
- Completed reload, in  0.842 seconds
Platform modules already initialized, skipping
========================================================================
Worker process is ready to serve import requests
Launched and connected shader compiler UnityShaderCompiler.exe after 0.10 seconds
Refreshing native plugins compatible for Editor in 0.60 ms, found 0 plugins.
Preloading 0 native plugins for Editor in 0.00 ms.
Unloading 902 Unused Serialized files (Serialized files now loaded: 0)
System memory in use before: 49.5 MB.
System memory in use after: 49.5 MB.

Unloading 79 unused Assets to reduce memory usage. Loaded Objects now: 1292.
Total: 3.684000 ms (FindLiveObjects: 0.218200 ms CreateObjectMapping: 0.103700 ms MarkObjects: 3.248500 ms  DeleteObjects: 0.111900 ms)

========================================================================
Received Import Request.
  path: Assets/Resources/Sprites/PlatesAndSymbols.png
  artifactKey: Guid(b91a6f352cef5554e9197037813383ec) Importer(815301076,1909f56bfc062723c751e8b465ee728b)
Start importing Assets/Resources/Sprites/PlatesAndSymbols.png using Guid(b91a6f352cef5554e9197037813383ec) Importer(815301076,1909f56bfc062723c751e8b465ee728b)  -> (artifact id: 'c09ab4d347afdefa6b311dde498db338') in 0.278198 seconds
  Import took 0.283080 seconds .

========================================================================
Received Import Request.
  Time since last request: 72.921306 seconds.
  path: Assets/Resources/Sprites/PlatesAndSymbols.png
  artifactKey: Guid(b91a6f352cef5554e9197037813383ec) Importer(815301076,1909f56bfc062723c751e8b465ee728b)
Start importing Assets/Resources/Sprites/PlatesAndSymbols.png using Guid(b91a6f352cef5554e9197037813383ec) Importer(815301076,1909f56bfc062723c751e8b465ee728b)  -> (artifact id: '8fb9644e16d0afe3ba16e93782155b2a') in 0.156147 seconds
  Import took 0.158934 seconds .

========================================================================
Received Import Request.
  Time since last request: 0.083173 seconds.
  path: Assets/Resources/Sprites/PlatesAndSymbols.png
  artifactKey: Guid(b91a6f352cef5554e9197037813383ec) Importer(815301076,1909f56bfc062723c751e8b465ee728b)
Start importing Assets/Resources/Sprites/PlatesAndSymbols.png using Guid(b91a6f352cef5554e9197037813383ec) Importer(815301076,1909f56bfc062723c751e8b465ee728b)  -> (artifact id: '8fb9644e16d0afe3ba16e93782155b2a') in 0.184563 seconds
  Import took 0.186367 seconds .

========================================================================
Received Import Request.
  Time since last request: 68.471353 seconds.
  path: Assets/UaNumber.prefab
  artifactKey: Guid(4399a48ba357c6041963c98981bb6d9c) Importer(815301076,1909f56bfc062723c751e8b465ee728b)
Start importing Assets/UaNumber.prefab using Guid(4399a48ba357c6041963c98981bb6d9c) Importer(815301076,1909f56bfc062723c751e8b465ee728b)  -> (artifact id: 'fcbca18d9affedef6adb67249aa96558') in 0.022980 seconds
  Import took 0.025367 seconds .

========================================================================
Received Import Request.
  Time since last request: 2.189138 seconds.
  path: Assets/RusNumber 1.prefab
  artifactKey: Guid(a62a04f567c8b7a46b5d4ecfcde388de) Importer(815301076,1909f56bfc062723c751e8b465ee728b)
Start importing Assets/RusNumber 1.prefab using Guid(a62a04f567c8b7a46b5d4ecfcde388de) Importer(815301076,1909f56bfc062723c751e8b465ee728b)  -> (artifact id: '29235872109afa45e7d726da9327c027') in 0.016798 seconds
  Import took 0.018930 seconds .

========================================================================
Received Import Request.
  Time since last request: 0.016337 seconds.
  path: Assets/RusNumber 1.prefab
  artifactKey: Guid(a62a04f567c8b7a46b5d4ecfcde388de) Importer(815301076,1909f56bfc062723c751e8b465ee728b)
Start importing Assets/RusNumber 1.prefab using Guid(a62a04f567c8b7a46b5d4ecfcde388de) Importer(815301076,1909f56bfc062723c751e8b465ee728b)  -> (artifact id: '29235872109afa45e7d726da9327c027') in 0.006397 seconds
  Import took 0.008734 seconds .

========================================================================
Received Import Request.
  Time since last request: 6.286522 seconds.
  path: Assets/RusNumberLong.prefab
  artifactKey: Guid(a62a04f567c8b7a46b5d4ecfcde388de) Importer(815301076,1909f56bfc062723c751e8b465ee728b)
Start importing Assets/RusNumberLong.prefab using Guid(a62a04f567c8b7a46b5d4ecfcde388de) Importer(815301076,1909f56bfc062723c751e8b465ee728b)  -> (artifact id: '108b491db8a29999f6faf2f883774366') in 0.013943 seconds
  Import took 0.016888 seconds .

========================================================================
Received Import Request.
  Time since last request: 0.011686 seconds.
  path: Assets/RusNumberLong.prefab
  artifactKey: Guid(a62a04f567c8b7a46b5d4ecfcde388de) Importer(815301076,1909f56bfc062723c751e8b465ee728b)
Start importing Assets/RusNumberLong.prefab using Guid(a62a04f567c8b7a46b5d4ecfcde388de) Importer(815301076,1909f56bfc062723c751e8b465ee728b)  -> (artifact id: '108b491db8a29999f6faf2f883774366') in 0.006319 seconds
  Import took 0.009435 seconds .

========================================================================
Received Import Request.
  Time since last request: 248.110713 seconds.
  path: Assets/A07FF8DB.jpg
  artifactKey: Guid(2bc871b38dc11dc43a0956cbded5ef49) Importer(815301076,1909f56bfc062723c751e8b465ee728b)
Start importing Assets/A07FF8DB.jpg using Guid(2bc871b38dc11dc43a0956cbded5ef49) Importer(815301076,1909f56bfc062723c751e8b465ee728b)  -> (artifact id: '6ecb2bb5c33f308e984b746c535ca97f') in 0.028763 seconds
  Import took 0.031399 seconds .

========================================================================
Received Import Request.
  Time since last request: 337.706520 seconds.
  path: Assets/RusNumberShort.prefab
  artifactKey: Guid(e491f24651739134f918e290b870bc03) Importer(815301076,1909f56bfc062723c751e8b465ee728b)
Start importing Assets/RusNumberShort.prefab using Guid(e491f24651739134f918e290b870bc03) Importer(815301076,1909f56bfc062723c751e8b465ee728b)  -> (artifact id: '3ef82dba460d598214994c157f3642b8') in 0.012833 seconds
  Import took 0.015028 seconds .

========================================================================
Received Import Request.
  Time since last request: 0.015103 seconds.
  path: Assets/RusNumberShort.prefab
  artifactKey: Guid(e491f24651739134f918e290b870bc03) Importer(815301076,1909f56bfc062723c751e8b465ee728b)
Start importing Assets/RusNumberShort.prefab using Guid(e491f24651739134f918e290b870bc03) Importer(815301076,1909f56bfc062723c751e8b465ee728b)  -> (artifact id: '3ef82dba460d598214994c157f3642b8') in 0.007678 seconds
  Import took 0.009692 seconds .

========================================================================
Received Import Request.
  Time since last request: 2.660952 seconds.
  path: Assets/RusNumberLong 1.prefab
  artifactKey: Guid(0cb5ac954d2843e41b20de10043ffc7e) Importer(815301076,1909f56bfc062723c751e8b465ee728b)
Start importing Assets/RusNumberLong 1.prefab using Guid(0cb5ac954d2843e41b20de10043ffc7e) Importer(815301076,1909f56bfc062723c751e8b465ee728b)  -> (artifact id: '30ded910354e3b3cce11f95cdcba9b2d') in 0.012304 seconds
  Import took 0.014570 seconds .

========================================================================
Received Import Request.
  Time since last request: 0.013665 seconds.
  path: Assets/RusNumberLong 1.prefab
  artifactKey: Guid(0cb5ac954d2843e41b20de10043ffc7e) Importer(815301076,1909f56bfc062723c751e8b465ee728b)
Start importing Assets/RusNumberLong 1.prefab using Guid(0cb5ac954d2843e41b20de10043ffc7e) Importer(815301076,1909f56bfc062723c751e8b465ee728b)  -> (artifact id: '30ded910354e3b3cce11f95cdcba9b2d') in 0.005947 seconds
  Import took 0.009023 seconds .

========================================================================
Received Import Request.
  Time since last request: 8.063972 seconds.
  path: Assets/RusNumberOld.prefab
  artifactKey: Guid(d13f39830d756804598f389162fb8f40) Importer(815301076,1909f56bfc062723c751e8b465ee728b)
Start importing Assets/RusNumberOld.prefab using Guid(d13f39830d756804598f389162fb8f40) Importer(815301076,1909f56bfc062723c751e8b465ee728b)  -> (artifact id: '55db38d7ec1937627f4c741552df21bd') in 0.012481 seconds
  Import took 0.014556 seconds .

========================================================================
Received Import Request.
  Time since last request: 0.009178 seconds.
  path: Assets/RusNumberOld.prefab
  artifactKey: Guid(d13f39830d756804598f389162fb8f40) Importer(815301076,1909f56bfc062723c751e8b465ee728b)
Start importing Assets/RusNumberOld.prefab using Guid(d13f39830d756804598f389162fb8f40) Importer(815301076,1909f56bfc062723c751e8b465ee728b)  -> (artifact id: '55db38d7ec1937627f4c741552df21bd') in 0.006308 seconds
  Import took 0.008070 seconds .

========================================================================
Received Import Request.
  Time since last request: 24.908265 seconds.
  path: Assets/RusNumberLong.prefab
  artifactKey: Guid(0cb5ac954d2843e41b20de10043ffc7e) Importer(815301076,1909f56bfc062723c751e8b465ee728b)
Start importing Assets/RusNumberLong.prefab using Guid(0cb5ac954d2843e41b20de10043ffc7e) Importer(815301076,1909f56bfc062723c751e8b465ee728b)  -> (artifact id: '76854065bd4bcee52f523e64c24ba6d1') in 0.011903 seconds
  Import took 0.013792 seconds .

========================================================================
Received Import Request.
  Time since last request: 0.008182 seconds.
  path: Assets/RusNumberLong.prefab
  artifactKey: Guid(0cb5ac954d2843e41b20de10043ffc7e) Importer(815301076,1909f56bfc062723c751e8b465ee728b)
Start importing Assets/RusNumberLong.prefab using Guid(0cb5ac954d2843e41b20de10043ffc7e) Importer(815301076,1909f56bfc062723c751e8b465ee728b)  -> (artifact id: '76854065bd4bcee52f523e64c24ba6d1') in 0.007411 seconds
  Import took 0.009731 seconds .

========================================================================
Received Import Request.
  Time since last request: 14.413240 seconds.
  path: Assets/RU_Long.prefab
  artifactKey: Guid(0cb5ac954d2843e41b20de10043ffc7e) Importer(815301076,1909f56bfc062723c751e8b465ee728b)
Start importing Assets/RU_Long.prefab using Guid(0cb5ac954d2843e41b20de10043ffc7e) Importer(815301076,1909f56bfc062723c751e8b465ee728b)  -> (artifact id: '7a290d32ae902d8c2fa0508d103c758e') in 0.012176 seconds
  Import took 0.014662 seconds .

========================================================================
Received Import Request.
  Time since last request: 0.013277 seconds.
  path: Assets/RU_Long.prefab
  artifactKey: Guid(0cb5ac954d2843e41b20de10043ffc7e) Importer(815301076,1909f56bfc062723c751e8b465ee728b)
Start importing Assets/RU_Long.prefab using Guid(0cb5ac954d2843e41b20de10043ffc7e) Importer(815301076,1909f56bfc062723c751e8b465ee728b)  -> (artifact id: '7a290d32ae902d8c2fa0508d103c758e') in 0.007630 seconds
  Import took 0.010413 seconds .

========================================================================
Received Import Request.
  Time since last request: 5.533503 seconds.
  path: Assets/RU_Old.prefab
  artifactKey: Guid(d13f39830d756804598f389162fb8f40) Importer(815301076,1909f56bfc062723c751e8b465ee728b)
Start importing Assets/RU_Old.prefab using Guid(d13f39830d756804598f389162fb8f40) Importer(815301076,1909f56bfc062723c751e8b465ee728b)  -> (artifact id: '460606a469f3faee4ac356029430cdca') in 0.013948 seconds
  Import took 0.016564 seconds .

========================================================================
Received Import Request.
  Time since last request: 0.007003 seconds.
  path: Assets/RU_Old.prefab
  artifactKey: Guid(d13f39830d756804598f389162fb8f40) Importer(815301076,1909f56bfc062723c751e8b465ee728b)
Start importing Assets/RU_Old.prefab using Guid(d13f39830d756804598f389162fb8f40) Importer(815301076,1909f56bfc062723c751e8b465ee728b)  -> (artifact id: '460606a469f3faee4ac356029430cdca') in 0.006768 seconds
  Import took 0.008704 seconds .

========================================================================
Received Import Request.
  Time since last request: 6.296199 seconds.
  path: Assets/RU_Short.prefab
  artifactKey: Guid(e491f24651739134f918e290b870bc03) Importer(815301076,1909f56bfc062723c751e8b465ee728b)
Start importing Assets/RU_Short.prefab using Guid(e491f24651739134f918e290b870bc03) Importer(815301076,1909f56bfc062723c751e8b465ee728b)  -> (artifact id: '301dc5696518945c7258ee11ba237bed') in 0.012306 seconds
  Import took 0.014653 seconds .

========================================================================
Received Import Request.
  Time since last request: 0.008511 seconds.
  path: Assets/RU_Short.prefab
  artifactKey: Guid(e491f24651739134f918e290b870bc03) Importer(815301076,1909f56bfc062723c751e8b465ee728b)
Start importing Assets/RU_Short.prefab using Guid(e491f24651739134f918e290b870bc03) Importer(815301076,1909f56bfc062723c751e8b465ee728b)  -> (artifact id: '301dc5696518945c7258ee11ba237bed') in 0.005843 seconds
  Import took 0.007981 seconds .

========================================================================
Received Import Request.
  Time since last request: 6.032994 seconds.
  path: Assets/UA_Plate.prefab
  artifactKey: Guid(4399a48ba357c6041963c98981bb6d9c) Importer(815301076,1909f56bfc062723c751e8b465ee728b)
Start importing Assets/UA_Plate.prefab using Guid(4399a48ba357c6041963c98981bb6d9c) Importer(815301076,1909f56bfc062723c751e8b465ee728b)  -> (artifact id: '764e2f1c9817ddfdea3dae4b1d9ece98') in 0.010641 seconds
  Import took 0.012672 seconds .

========================================================================
Received Import Request.
  Time since last request: 0.010134 seconds.
  path: Assets/UA_Plate.prefab
  artifactKey: Guid(4399a48ba357c6041963c98981bb6d9c) Importer(815301076,1909f56bfc062723c751e8b465ee728b)
Start importing Assets/UA_Plate.prefab using Guid(4399a48ba357c6041963c98981bb6d9c) Importer(815301076,1909f56bfc062723c751e8b465ee728b)  -> (artifact id: '764e2f1c9817ddfdea3dae4b1d9ece98') in 0.005546 seconds
  Import took 0.007789 seconds .

========================================================================
Received Import Request.
  Time since last request: 4.897009 seconds.
  path: Assets/RU_Plate_Long.prefab
  artifactKey: Guid(0cb5ac954d2843e41b20de10043ffc7e) Importer(815301076,1909f56bfc062723c751e8b465ee728b)
Start importing Assets/RU_Plate_Long.prefab using Guid(0cb5ac954d2843e41b20de10043ffc7e) Importer(815301076,1909f56bfc062723c751e8b465ee728b)  -> (artifact id: '006f817c8a4275fbaa1d4bca595ee9e1') in 0.013908 seconds
  Import took 0.015812 seconds .

========================================================================
Received Import Request.
  Time since last request: 0.008448 seconds.
  path: Assets/RU_Plate_Long.prefab
  artifactKey: Guid(0cb5ac954d2843e41b20de10043ffc7e) Importer(815301076,1909f56bfc062723c751e8b465ee728b)
Start importing Assets/RU_Plate_Long.prefab using Guid(0cb5ac954d2843e41b20de10043ffc7e) Importer(815301076,1909f56bfc062723c751e8b465ee728b)  -> (artifact id: '006f817c8a4275fbaa1d4bca595ee9e1') in 0.007074 seconds
  Import took 0.009385 seconds .

========================================================================
Received Import Request.
  Time since last request: 6.997680 seconds.
  path: Assets/RU_Plate_Short.prefab
  artifactKey: Guid(e491f24651739134f918e290b870bc03) Importer(815301076,1909f56bfc062723c751e8b465ee728b)
Start importing Assets/RU_Plate_Short.prefab using Guid(e491f24651739134f918e290b870bc03) Importer(815301076,1909f56bfc062723c751e8b465ee728b)  -> (artifact id: '6b22408ace864e1785994d17c2f983c4') in 0.014277 seconds
  Import took 0.016894 seconds .

========================================================================
Received Import Request.
  Time since last request: 0.006549 seconds.
  path: Assets/RU_Plate_Short.prefab
  artifactKey: Guid(e491f24651739134f918e290b870bc03) Importer(815301076,1909f56bfc062723c751e8b465ee728b)
Start importing Assets/RU_Plate_Short.prefab using Guid(e491f24651739134f918e290b870bc03) Importer(815301076,1909f56bfc062723c751e8b465ee728b)  -> (artifact id: '6b22408ace864e1785994d17c2f983c4') in 0.006171 seconds
  Import took 0.008475 seconds .

========================================================================
Received Import Request.
  Time since last request: 7.833597 seconds.
  path: Assets/RU_Plate_Old.prefab
  artifactKey: Guid(d13f39830d756804598f389162fb8f40) Importer(815301076,1909f56bfc062723c751e8b465ee728b)
Start importing Assets/RU_Plate_Old.prefab using Guid(d13f39830d756804598f389162fb8f40) Importer(815301076,1909f56bfc062723c751e8b465ee728b)  -> (artifact id: 'cf3b5f2611824292ba6e2fba3cf29c24') in 0.014033 seconds
  Import took 0.016648 seconds .

========================================================================
Received Import Request.
  Time since last request: 0.005806 seconds.
  path: Assets/RU_Plate_Old.prefab
  artifactKey: Guid(d13f39830d756804598f389162fb8f40) Importer(815301076,1909f56bfc062723c751e8b465ee728b)
Start importing Assets/RU_Plate_Old.prefab using Guid(d13f39830d756804598f389162fb8f40) Importer(815301076,1909f56bfc062723c751e8b465ee728b)  -> (artifact id: 'cf3b5f2611824292ba6e2fba3cf29c24') in 0.006663 seconds
  Import took 0.008587 seconds .

========================================================================
Received Import Request.
  Time since last request: 8.393573 seconds.
  path: Assets/RegionPrefab.prefab
  artifactKey: Guid(e0fd5940ae3916e42bb0ce2155b22148) Importer(815301076,1909f56bfc062723c751e8b465ee728b)
Start importing Assets/RegionPrefab.prefab using Guid(e0fd5940ae3916e42bb0ce2155b22148) Importer(815301076,1909f56bfc062723c751e8b465ee728b)  -> (artifact id: 'b704cca015acbe93ef3fdb0f0816f339') in 0.016175 seconds
  Import took 0.019390 seconds .

========================================================================
Received Import Request.
  Time since last request: 0.016278 seconds.
  path: Assets/RegionPrefab.prefab
  artifactKey: Guid(e0fd5940ae3916e42bb0ce2155b22148) Importer(815301076,1909f56bfc062723c751e8b465ee728b)
Start importing Assets/RegionPrefab.prefab using Guid(e0fd5940ae3916e42bb0ce2155b22148) Importer(815301076,1909f56bfc062723c751e8b465ee728b)  -> (artifact id: 'b704cca015acbe93ef3fdb0f0816f339') in 0.004000 seconds
  Import took 0.005735 seconds .

========================================================================
Received Import Request.
  Time since last request: 22.224097 seconds.
  path: Assets/Resources/Prefabs
  artifactKey: Guid(8a148a812847ebb4a93549f17f5ea702) Importer(815301076,1909f56bfc062723c751e8b465ee728b)
Start importing Assets/Resources/Prefabs using Guid(8a148a812847ebb4a93549f17f5ea702) Importer(815301076,1909f56bfc062723c751e8b465ee728b)  -> (artifact id: 'ebca7ec0cb43cc3376613d85320d61dc') in 0.010433 seconds
  Import took 0.011999 seconds .

AssetImportWorkerClient::OnTransportError - code=2 error=End of file
